{"C:\\Users\\Wilson\\Desktop\\Programacion\\Proyectos\\PERN-ProductManager\\src\\router.ts": {"path":"C:\\Users\\Wilson\\Desktop\\Programacion\\Proyectos\\PERN-ProductManager\\src\\router.ts","statementMap":{"0":{"start":{"line":1,"column":0},"end":{"line":1,"column":33}},"1":{"start":{"line":2,"column":0},"end":{"line":2,"column":129}},"2":{"start":{"line":3,"column":0},"end":{"line":3,"column":47}},"3":{"start":{"line":4,"column":0},"end":{"line":4,"column":48}},"4":{"start":{"line":6,"column":15},"end":{"line":6,"column":23}},"5":{"start":{"line":9,"column":0},"end":{"line":9,"column":null}},"6":{"start":{"line":11,"column":0},"end":{"line":15,"column":null}},"7":{"start":{"line":17,"column":0},"end":{"line":27,"column":null}},"8":{"start":{"line":24,"column":23},"end":{"line":24,"column":30}},"9":{"start":{"line":30,"column":0},"end":{"line":42,"column":null}},"10":{"start":{"line":37,"column":23},"end":{"line":37,"column":30}},"11":{"start":{"line":45,"column":0},"end":{"line":49,"column":null}},"12":{"start":{"line":51,"column":0},"end":{"line":55,"column":null}},"13":{"start":{"line":57,"column":0},"end":{"line":57,"column":22}}},"fnMap":{"0":{"name":"(anonymous_0)","decl":{"start":{"line":24,"column":16},"end":{"line":24,"column":21}},"loc":{"start":{"line":24,"column":23},"end":{"line":24,"column":30}}},"1":{"name":"(anonymous_1)","decl":{"start":{"line":37,"column":16},"end":{"line":37,"column":21}},"loc":{"start":{"line":37,"column":23},"end":{"line":37,"column":30}}}},"branchMap":{},"s":{"0":2,"1":2,"2":2,"3":2,"4":2,"5":2,"6":2,"7":2,"8":4,"9":2,"10":5,"11":2,"12":2,"13":2},"f":{"0":4,"1":5},"b":{}}
,"C:\\Users\\Wilson\\Desktop\\Programacion\\Proyectos\\PERN-ProductManager\\src\\server.ts": {"path":"C:\\Users\\Wilson\\Desktop\\Programacion\\Proyectos\\PERN-ProductManager\\src\\server.ts","statementMap":{"0":{"start":{"line":4,"column":0},"end":{"line":4,"column":30}},"1":{"start":{"line":5,"column":0},"end":{"line":5,"column":28}},"2":{"start":{"line":6,"column":0},"end":{"line":6,"column":30}},"3":{"start":{"line":7,"column":0},"end":{"line":7,"column":29}},"4":{"start":{"line":11,"column":4},"end":{"line":18,"column":5}},"5":{"start":{"line":12,"column":8},"end":{"line":12,"column":null}},"6":{"start":{"line":13,"column":8},"end":{"line":13,"column":null}},"7":{"start":{"line":16,"column":8},"end":{"line":16,"column":null}},"8":{"start":{"line":17,"column":8},"end":{"line":17,"column":null}},"9":{"start":{"line":20,"column":0},"end":{"line":20,"column":null}},"10":{"start":{"line":23,"column":15},"end":{"line":23,"column":24}},"11":{"start":{"line":25,"column":0},"end":{"line":25,"column":null}},"12":{"start":{"line":27,"column":0},"end":{"line":27,"column":null}},"13":{"start":{"line":29,"column":0},"end":{"line":31,"column":null}},"14":{"start":{"line":30,"column":4},"end":{"line":30,"column":null}},"15":{"start":{"line":33,"column":0},"end":{"line":33,"column":null}}},"fnMap":{"0":{"name":"connectDB","decl":{"start":{"line":10,"column":15},"end":{"line":10,"column":24}},"loc":{"start":{"line":10,"column":24},"end":{"line":19,"column":1}}},"1":{"name":"(anonymous_2)","decl":{"start":{"line":29,"column":19},"end":{"line":29,"column":20}},"loc":{"start":{"line":29,"column":31},"end":{"line":31,"column":1}}}},"branchMap":{},"s":{"0":2,"1":2,"2":2,"3":2,"4":2,"5":2,"6":1,"7":0,"8":0,"9":2,"10":2,"11":2,"12":2,"13":2,"14":1,"15":2},"f":{"0":2,"1":1},"b":{}}
,"C:\\Users\\Wilson\\Desktop\\Programacion\\Proyectos\\PERN-ProductManager\\src\\config\\db.ts": {"path":"C:\\Users\\Wilson\\Desktop\\Programacion\\Proyectos\\PERN-ProductManager\\src\\config\\db.ts","statementMap":{"0":{"start":{"line":1,"column":0},"end":{"line":1,"column":48}},"1":{"start":{"line":2,"column":0},"end":{"line":2,"column":27}},"2":{"start":{"line":3,"column":0},"end":{"line":3,"column":null}},"3":{"start":{"line":5,"column":11},"end":{"line":8,"column":2}},"4":{"start":{"line":10,"column":0},"end":{"line":10,"column":null}}},"fnMap":{},"branchMap":{},"s":{"0":2,"1":2,"2":2,"3":2,"4":2},"f":{},"b":{}}
,"C:\\Users\\Wilson\\Desktop\\Programacion\\Proyectos\\PERN-ProductManager\\src\\handlers\\product.ts": {"path":"C:\\Users\\Wilson\\Desktop\\Programacion\\Proyectos\\PERN-ProductManager\\src\\handlers\\product.ts","statementMap":{"0":{"start":{"line":2,"column":0},"end":{"line":2,"column":45}},"1":{"start":{"line":6,"column":27},"end":{"line":18,"column":1}},"2":{"start":{"line":7,"column":4},"end":{"line":17,"column":5}},"3":{"start":{"line":8,"column":25},"end":{"line":13,"column":10}},"4":{"start":{"line":14,"column":8},"end":{"line":14,"column":null}},"5":{"start":{"line":16,"column":8},"end":{"line":16,"column":null}},"6":{"start":{"line":6,"column":13},"end":{"line":6,"column":27}},"7":{"start":{"line":20,"column":30},"end":{"line":35,"column":1}},"8":{"start":{"line":21,"column":4},"end":{"line":34,"column":5}},"9":{"start":{"line":22,"column":23},"end":{"line":22,"column":33}},"10":{"start":{"line":23,"column":24},"end":{"line":23,"column":50}},"11":{"start":{"line":25,"column":8},"end":{"line":29,"column":9}},"12":{"start":{"line":26,"column":12},"end":{"line":28,"column":null}},"13":{"start":{"line":31,"column":8},"end":{"line":31,"column":null}},"14":{"start":{"line":33,"column":8},"end":{"line":33,"column":null}},"15":{"start":{"line":20,"column":13},"end":{"line":20,"column":30}},"16":{"start":{"line":37,"column":29},"end":{"line":46,"column":1}},"17":{"start":{"line":40,"column":4},"end":{"line":45,"column":5}},"18":{"start":{"line":41,"column":24},"end":{"line":41,"column":54}},"19":{"start":{"line":42,"column":8},"end":{"line":42,"column":null}},"20":{"start":{"line":44,"column":8},"end":{"line":44,"column":null}},"21":{"start":{"line":37,"column":13},"end":{"line":37,"column":29}},"22":{"start":{"line":48,"column":29},"end":{"line":67,"column":1}},"23":{"start":{"line":49,"column":4},"end":{"line":66,"column":5}},"24":{"start":{"line":50,"column":23},"end":{"line":50,"column":33}},"25":{"start":{"line":51,"column":24},"end":{"line":51,"column":50}},"26":{"start":{"line":53,"column":8},"end":{"line":57,"column":9}},"27":{"start":{"line":54,"column":12},"end":{"line":56,"column":null}},"28":{"start":{"line":60,"column":8},"end":{"line":60,"column":null}},"29":{"start":{"line":61,"column":8},"end":{"line":61,"column":null}},"30":{"start":{"line":62,"column":8},"end":{"line":62,"column":null}},"31":{"start":{"line":65,"column":8},"end":{"line":65,"column":null}},"32":{"start":{"line":48,"column":13},"end":{"line":48,"column":29}},"33":{"start":{"line":69,"column":34},"end":{"line":88,"column":1}},"34":{"start":{"line":70,"column":4},"end":{"line":87,"column":5}},"35":{"start":{"line":71,"column":23},"end":{"line":71,"column":33}},"36":{"start":{"line":72,"column":24},"end":{"line":72,"column":50}},"37":{"start":{"line":74,"column":8},"end":{"line":78,"column":9}},"38":{"start":{"line":75,"column":12},"end":{"line":77,"column":null}},"39":{"start":{"line":81,"column":8},"end":{"line":81,"column":null}},"40":{"start":{"line":82,"column":8},"end":{"line":82,"column":null}},"41":{"start":{"line":83,"column":8},"end":{"line":83,"column":null}},"42":{"start":{"line":86,"column":8},"end":{"line":86,"column":null}},"43":{"start":{"line":69,"column":13},"end":{"line":69,"column":34}},"44":{"start":{"line":90,"column":29},"end":{"line":108,"column":1}},"45":{"start":{"line":91,"column":4},"end":{"line":107,"column":5}},"46":{"start":{"line":92,"column":23},"end":{"line":92,"column":33}},"47":{"start":{"line":93,"column":24},"end":{"line":93,"column":50}},"48":{"start":{"line":95,"column":8},"end":{"line":99,"column":9}},"49":{"start":{"line":96,"column":12},"end":{"line":98,"column":null}},"50":{"start":{"line":102,"column":8},"end":{"line":102,"column":32}},"51":{"start":{"line":103,"column":8},"end":{"line":103,"column":null}},"52":{"start":{"line":106,"column":8},"end":{"line":106,"column":null}},"53":{"start":{"line":90,"column":13},"end":{"line":90,"column":29}}},"fnMap":{"0":{"name":"(anonymous_1)","decl":{"start":{"line":6,"column":27},"end":{"line":6,"column":32}},"loc":{"start":{"line":6,"column":65},"end":{"line":18,"column":1}}},"1":{"name":"(anonymous_2)","decl":{"start":{"line":20,"column":30},"end":{"line":20,"column":35}},"loc":{"start":{"line":20,"column":68},"end":{"line":35,"column":1}}},"2":{"name":"(anonymous_3)","decl":{"start":{"line":37,"column":29},"end":{"line":37,"column":34}},"loc":{"start":{"line":37,"column":67},"end":{"line":46,"column":1}}},"3":{"name":"(anonymous_4)","decl":{"start":{"line":48,"column":29},"end":{"line":48,"column":34}},"loc":{"start":{"line":48,"column":67},"end":{"line":67,"column":1}}},"4":{"name":"(anonymous_5)","decl":{"start":{"line":69,"column":34},"end":{"line":69,"column":39}},"loc":{"start":{"line":69,"column":72},"end":{"line":88,"column":1}}},"5":{"name":"(anonymous_6)","decl":{"start":{"line":90,"column":29},"end":{"line":90,"column":34}},"loc":{"start":{"line":90,"column":67},"end":{"line":108,"column":1}}}},"branchMap":{"0":{"loc":{"start":{"line":25,"column":8},"end":{"line":29,"column":9}},"type":"if","locations":[{"start":{"line":25,"column":8},"end":{"line":29,"column":9}}]},"1":{"loc":{"start":{"line":53,"column":8},"end":{"line":57,"column":9}},"type":"if","locations":[{"start":{"line":53,"column":8},"end":{"line":57,"column":9}}]},"2":{"loc":{"start":{"line":74,"column":8},"end":{"line":78,"column":9}},"type":"if","locations":[{"start":{"line":74,"column":8},"end":{"line":78,"column":9}}]},"3":{"loc":{"start":{"line":95,"column":8},"end":{"line":99,"column":9}},"type":"if","locations":[{"start":{"line":95,"column":8},"end":{"line":99,"column":9}}]}},"s":{"0":2,"1":2,"2":2,"3":2,"4":2,"5":0,"6":2,"7":2,"8":2,"9":2,"10":2,"11":2,"12":1,"13":2,"14":1,"15":2,"16":2,"17":1,"18":1,"19":1,"20":0,"21":2,"22":2,"23":2,"24":2,"25":2,"26":2,"27":1,"28":2,"29":1,"30":1,"31":1,"32":2,"33":2,"34":2,"35":2,"36":2,"37":2,"38":1,"39":2,"40":1,"41":1,"42":1,"43":2,"44":2,"45":2,"46":2,"47":2,"48":2,"49":1,"50":2,"51":1,"52":1,"53":2},"f":{"0":2,"1":2,"2":1,"3":2,"4":2,"5":2},"b":{"0":[1],"1":[1],"2":[1],"3":[1]}}
,"C:\\Users\\Wilson\\Desktop\\Programacion\\Proyectos\\PERN-ProductManager\\src\\middleware\\index.ts": {"path":"C:\\Users\\Wilson\\Desktop\\Programacion\\Proyectos\\PERN-ProductManager\\src\\middleware\\index.ts","statementMap":{"0":{"start":{"line":2,"column":0},"end":{"line":2,"column":52}},"1":{"start":{"line":4,"column":33},"end":{"line":13,"column":1}},"2":{"start":{"line":6,"column":17},"end":{"line":6,"column":38}},"3":{"start":{"line":7,"column":4},"end":{"line":10,"column":5}},"4":{"start":{"line":8,"column":8},"end":{"line":8,"column":55}},"5":{"start":{"line":9,"column":8},"end":{"line":9,"column":14}},"6":{"start":{"line":12,"column":4},"end":{"line":12,"column":null}},"7":{"start":{"line":4,"column":13},"end":{"line":4,"column":33}}},"fnMap":{"0":{"name":"(anonymous_0)","decl":{"start":{"line":4,"column":33},"end":{"line":4,"column":34}},"loc":{"start":{"line":4,"column":85},"end":{"line":13,"column":1}}}},"branchMap":{"0":{"loc":{"start":{"line":7,"column":4},"end":{"line":10,"column":5}},"type":"if","locations":[{"start":{"line":7,"column":4},"end":{"line":10,"column":5}}]}},"s":{"0":2,"1":2,"2":17,"3":17,"4":8,"5":8,"6":9,"7":2},"f":{"0":17},"b":{"0":[8]}}
,"C:\\Users\\Wilson\\Desktop\\Programacion\\Proyectos\\PERN-ProductManager\\src\\models\\Product.model.ts": {"path":"C:\\Users\\Wilson\\Desktop\\Programacion\\Proyectos\\PERN-ProductManager\\src\\models\\Product.model.ts","statementMap":{"0":{"start":{"line":1,"column":0},"end":{"line":1,"column":78}},"1":{"start":{"line":7,"column":0},"end":{"line":23,"column":null}},"2":{"start":{"line":11,"column":12},"end":{"line":11,"column":null}},"3":{"start":{"line":16,"column":12},"end":{"line":16,"column":null}},"4":{"start":{"line":22,"column":12},"end":{"line":22,"column":null}},"5":{"start":{"line":7,"column":6},"end":{"line":23,"column":null}},"6":{"start":{"line":25,"column":0},"end":{"line":25,"column":null}}},"fnMap":{},"branchMap":{},"s":{"0":2,"1":2,"2":2,"3":2,"4":2,"5":2,"6":2},"f":{},"b":{}}
}
